[debug] [2023-01-11T02:32:30.622Z] ----------------------------------------------------------------------
[debug] [2023-01-11T02:32:30.623Z] Command:       C:\Program Files\nodejs\node.exe C:\Users\Cheni\AppData\Roaming\npm\node_modules\firebase-tools\lib\bin\firebase.js init
[debug] [2023-01-11T02:32:30.624Z] CLI Version:   11.20.0
[debug] [2023-01-11T02:32:30.624Z] Platform:      win32
[debug] [2023-01-11T02:32:30.624Z] Node Version:  v18.13.0
[debug] [2023-01-11T02:32:30.625Z] Time:          Tue Jan 10 2023 23:32:30 GMT-0300 (hora estándar de Argentina)
[debug] [2023-01-11T02:32:30.625Z] ----------------------------------------------------------------------
[debug] 
[debug] [2023-01-11T02:32:30.632Z] > command requires scopes: ["email","openid","https://www.googleapis.com/auth/cloudplatformprojects.readonly","https://www.googleapis.com/auth/firebase","https://www.googleapis.com/auth/cloud-platform"]
[debug] [2023-01-11T02:32:30.632Z] > authorizing via signed-in user (beneitez.fernando@gmail.com)
[info] 
     ######## #### ########  ######## ########     ###     ######  ########
     ##        ##  ##     ## ##       ##     ##  ##   ##  ##       ##
     ######    ##  ########  ######   ########  #########  ######  ######
     ##        ##  ##    ##  ##       ##     ## ##     ##       ## ##
     ##       #### ##     ## ######## ########  ##     ##  ######  ########

You're about to initialize a Firebase project in this directory:

  C:\Users\Cheni\Desktop\2117_infinite_loop

[info] 
=== Project Setup
[info] 
[info] First, let's associate this project directory with a Firebase project.
[info] You can create multiple project aliases by running firebase use --add, 
[info] but for now we'll just set up a default project.
[info] 
[info] i  If you want to create a project in a Google Cloud organization or folder, please use "firebase projects:create" instead, and return to this command when you've created the project. 
[debug] [2023-01-11T02:40:09.242Z] >>> [apiv2][query] POST https://cloudresourcemanager.googleapis.com/v1/projects [none]
[debug] [2023-01-11T02:40:09.242Z] >>> [apiv2][body] POST https://cloudresourcemanager.googleapis.com/v1/projects {"projectId":"landing-page-74494","name":"cancel"}
[debug] [2023-01-11T02:40:10.433Z] <<< [apiv2][status] POST https://cloudresourcemanager.googleapis.com/v1/projects 409
[debug] [2023-01-11T02:40:10.433Z] <<< [apiv2][body] POST https://cloudresourcemanager.googleapis.com/v1/projects {"error":{"code":409,"message":"Requested entity already exists","status":"ALREADY_EXISTS"}}
[debug] [2023-01-11T02:40:10.436Z] FirebaseError: HTTP Error: 409, Requested entity already exists
    at responseToError (C:\Users\Cheni\AppData\Roaming\npm\node_modules\firebase-tools\lib\responseToError.js:49:12)
    at RetryOperation._fn (C:\Users\Cheni\AppData\Roaming\npm\node_modules\firebase-tools\lib\apiv2.js:288:77)
    at process.processTicksAndRejections (node:internal/process/task_queues:95:5)
[error] 
[error] Error: Failed to create project because there is already a project with ID landing-page-74494. Please try again with a unique project ID.
